[ 2023-06-21 01:38:35,252 ] 22 root - INFO - Data ingestion methods starts
[ 2023-06-21 01:38:35,284 ] 25 root - INFO - Dataset read as pandas Dataframe
[ 2023-06-21 01:38:37,921 ] 34 root - INFO - EDA Completed performaing ingestion
[ 2023-06-21 01:38:37,994 ] 38 root - INFO - Train test split
[ 2023-06-21 01:38:38,067 ] 45 root - INFO - Ingestion of data completed
[ 2023-06-21 01:38:38,084 ] 72 root - INFO - Read train and test data completed
[ 2023-06-21 01:38:38,090 ] 73 root - INFO - Train Dataframe Head: 
   Restaurant_latitude  Restaurant_longitude  Delivery_location_latitude  Delivery_location_longitude Weather_conditions Road_traffic_density  Vehicle_condition Type_of_order Type_of_vehicle  multiple_deliveries           City  Time_taken (min)  Distance
0            19.055831             72.833984                   19.115831                    72.893984         Sandstorms               Medium                  1         Snack         scooter                  1.0          Urban                23      9.16
1            26.469003             80.316344                   26.529003                    80.376344         Sandstorms                  Jam                  0         Snack      motorcycle                  1.0  Metropolitian                33      8.94
2            12.933298             77.614293                   13.003298                    77.684293                NaN                  NaN                  3        Drinks         scooter                  1.0          Urban                17     10.85
3             0.000000              0.000000                    0.070000                     0.070000                Fog               Medium                  1        Drinks      motorcycle                  1.0  Metropolitian                32     10.98
4            23.359407             85.325055                   23.489407                    85.455055              Windy                  Jam                  1        Buffet         scooter                  0.0  Metropolitian                34     19.59
[ 2023-06-21 01:38:38,094 ] 74 root - INFO - Test Dataframe Head: 
   Restaurant_latitude  Restaurant_longitude  Delivery_location_latitude  Delivery_location_longitude Weather_conditions Road_traffic_density  Vehicle_condition Type_of_order Type_of_vehicle  multiple_deliveries           City  Time_taken (min)  Distance
0             0.000000              0.000000                    0.060000                     0.060000              Sunny                  Jam                  2        Buffet         scooter                  1.0  Metropolitian                16      9.41
1            21.149834             72.778666                   21.159834                    72.788666              Windy                  Low                  1        Buffet      motorcycle                  1.0  Metropolitian                20      1.52
2            21.160522             72.771477                   21.210522                    72.821477             Stormy                  Low                  0          Meal      motorcycle                  1.0          Urban                22      7.59
3            11.022298             76.998349                   11.132298                    77.108349                Fog                  Jam                  0          Meal      motorcycle                  2.0  Metropolitian                44     17.10
4             0.000000              0.000000                    0.030000                     0.030000              Windy               Medium                  1          Meal      motorcycle                  1.0          Urban                30      4.71
[ 2023-06-21 01:38:38,094 ] 76 root - INFO - obtaining preprocessing object
[ 2023-06-21 01:38:38,094 ] 25 root - INFO - Data Transformation initiated
[ 2023-06-21 01:38:38,094 ] 36 root - INFO - pipeline initated
[ 2023-06-21 01:38:38,095 ] 60 root - INFO - pipeline completed
[ 2023-06-21 01:38:38,133 ] 91 root - INFO - applying preprocessing object on training and testing datasets
[ 2023-06-21 01:38:38,134 ] 102 root - INFO - preprocessor pickle file saved
